#
# A fatal error has been detected by the Java Runtime Environment:
#
#  SIGSEGV (0xb) at pc=0x00007efbf67eb5ee, pid=6525, tid=0x00007efbd23bd700
#
# JRE version: OpenJDK Runtime Environment (8.0_151-b12) (build 1.8.0_151-8u151-b12-0ubuntu0.16.04.2-b12)
# Java VM: OpenJDK 64-Bit Server VM (25.151-b12 mixed mode linux-amd64 compressed oops)
# Problematic frame:
# V  [libjvm.so+0x5645ee]
#
# Failed to write core dump. Core dumps have been disabled. To enable core dumping, try "ulimit -c unlimited" before starting Java again
#
# If you would like to submit a bug report, please visit:
#   http://bugreport.java.com/bugreport/crash.jsp
#

---------------  T H R E A D  ---------------

Current thread (0x00007efbf03d7000):  JavaThread "NIO Selector #1" [_thread_in_Java, id=6547, stack(0x00007efbd22bd000,0x00007efbd23be000)]

siginfo: si_signo: 11 (SIGSEGV), si_code: 128 (SI_KERNEL), si_addr: 0x0000000000000000

Registers:
RAX=0x402c000000000000, RBX=0x00007efbd23bb2e0, RCX=0x00007efbf71a9008, RDX=0x409aa40000000000
RSP=0x00007efbd23bb1f0, RBP=0x00007efbd23bb240, RSI=0x00007efbd23bb310, RDI=0x00007efbd23bb340
R8 =0x00007efbe1000000, R9 =0xffffffffffffffff, R10=0x00000000000424a8, R11=0x00007efbd80d5000
R12=0x00007efbd23bc350, R13=0x0000000000000800, R14=0x00007efbd23bb2e0, R15=0x00007efbd23bb340
RIP=0x00007efbf67eb5ee, EFLAGS=0x0000000000010246, CSGSFS=0x0000000000000033, ERR=0x0000000000000000
  TRAPNO=0x000000000000000d

Top of Stack: (sp=0x00007efbd23bb1f0)
0x00007efbd23bb1f0:   402c000000000000 00007efbf67dfbf4
0x00007efbd23bb200:   00007efbd23bca60 00007efbe10004e7
0x00007efbd23bb210:   409aa40000000000 402c000000000000
0x00007efbd23bb220:   00007efbd23bcad0 6bfef7f2c3ded900
0x00007efbd23bb230:   00007efbd23bb2e0 00007efbd23bb310
0x00007efbd23bb240:   00007efbd23bb290 00007efbf67ec04d
0x00007efbd23bb250:   00007efbd23bc130 6bfef7f2c3ded900
0x00007efbd23bb260:   0000000000000800 00007efbd23bb310
0x00007efbd23bb270:   0000000000000000 0000000000000800
0x00007efbd23bb280:   00007efbd23bb2e0 00007efbf03d7000
0x00007efbd23bb290:   00007efbd23bb980 00007efbf67dff7a
0x00007efbd23bb2a0:   00007efbd23bcad0 00007efbd23bc6c0
0x00007efbd23bb2b0:   0000000000000000 00007efb00000000
0x00007efbd23bb2c0:   000007fed114fa30 00007efbd23bba68
0x00007efbd23bb2d0:   00007efbd23bba70 00007efbd23bb340
0x00007efbd23bb2e0:   00007efbd23bc6c0 00007efbe11d860c
0x00007efbd23bb2f0:   00007efbe11d8450 0000000000000000
0x00007efbd23bb300:   0000000000000000 00007efbd23bc6c0
0x00007efbd23bb310:   00007efbd23bc0e0 00007efbe10004e7
0x00007efbd23bb320:   00007efbe10003d0 00007efb00000000
0x00007efbd23bb330:   00007efbd23bc130 00007efbd23bc0e0
0x00007efbd23bb340:   00007efbd23bca60 00007efbe10004e7
0x00007efbd23bb350:   00007efbe10003d0 00007efb00000000
0x00007efbd23bb360:   00007efbd23bcad0 00007efbd23bca60
0x00007efbd23bb370:   00007efbf03d7000 00007efbd23bc6c0
0x00007efbd23bb380:   00007efbd23bca60 00007efbe10004e7
0x00007efbd23bb390:   00007efbe10003d0 00007efb00000000
0x00007efbd23bb3a0:   00007efbd23bcad0 00007efbd23bca60
0x00007efbd23bb3b0:   00007efbf03d7000 00007efbd23bc6c0
0x00007efbd23bb3c0:   00007efbd23bca60 00007efbe10004e7
0x00007efbd23bb3d0:   00007efbe10003d0 00007efb00000000
0x00007efbd23bb3e0:   00007efbd23bcad0 00007efbd23bca60 

Instructions: (pc=0x00007efbf67eb5ee)
0x00007efbf67eb5ce:   c4 40 5b 41 5c 5d c3 0f 1f 00 49 8b 54 24 30 49
0x00007efbf67eb5de:   8b 44 24 20 48 89 55 d0 48 89 45 b0 48 89 45 d8
0x00007efbf67eb5ee:   48 8b 78 f8 e9 4f ff ff ff 66 0f 1f 84 00 00 00
0x00007efbf67eb5fe:   00 00 48 89 c7 ff d2 e9 65 ff ff ff e8 d1 90 c8 

Register to memory mapping:

RAX=0x402c000000000000 is an unknown value
RBX=0x00007efbd23bb2e0 is pointing into the stack for thread: 0x00007efbf03d7000
RCX=0x00007efbf71a9008: <offset 0xf22008> in /usr/lib/jvm/java-8-openjdk-amd64/jre/lib/amd64/server/libjvm.so at 0x00007efbf6287000
RDX=0x409aa40000000000 is an unknown value
RSP=0x00007efbd23bb1f0 is pointing into the stack for thread: 0x00007efbf03d7000
RBP=0x00007efbd23bb240 is pointing into the stack for thread: 0x00007efbf03d7000
RSI=0x00007efbd23bb310 is pointing into the stack for thread: 0x00007efbf03d7000
RDI=0x00007efbd23bb340 is pointing into the stack for thread: 0x00007efbf03d7000
R8 =0x00007efbe1000000 is an unknown value
R9 =0xffffffffffffffff is an unknown value
R10=0x00000000000424a8 is an unknown value
R11=0x00007efbd80d5000 is an unknown value
R12=0x00007efbd23bc350 is pointing into the stack for thread: 0x00007efbf03d7000
R13=0x0000000000000800 is an unknown value
R14=0x00007efbd23bb2e0 is pointing into the stack for thread: 0x00007efbf03d7000
R15=0x00007efbd23bb340 is pointing into the stack for thread: 0x00007efbf03d7000


Stack: [0x00007efbd22bd000,0x00007efbd23be000],  sp=0x00007efbd23bb1f0,  free space=1016k
Native frames: (J=compiled Java code, j=interpreted, Vv=VM code, C=native code)
V  [libjvm.so+0x5645ee]
V  [libjvm.so+0x56504d]
V  [libjvm.so+0x558f7a]
V  [libjvm.so+0x559a08]  AsyncGetCallTrace+0x238
C  [libasyncProfiler.so+0xa14e]  Profiler::getJavaTraceAsync(void*, ASGCT_CallFrame*, int)+0x17e
C  0x0000000000000000


---------------  P R O C E S S  ---------------

Java Threads: ( => current thread )
  0x00007efbb4001000 JavaThread "Attach Listener" daemon [_thread_blocked, id=7020, stack(0x00007efbd11ac000,0x00007efbd12ad000)]
  0x00007efbf040e000 JavaThread "NIO Cleanup" [_thread_blocked, id=6563, stack(0x00007efbd12ad000,0x00007efbd13ae000)]
  0x00007efbf040c000 JavaThread "NIO Acceptor localhost:8082" [_thread_in_native, id=6562, stack(0x00007efbd13ae000,0x00007efbd14af000)]
  0x00007efbf040a000 JavaThread "NIO Selector #3" [_thread_in_native, id=6561, stack(0x00007efbd14af000,0x00007efbd15b0000)]
  0x00007efbf0408000 JavaThread "NIO Selector #2" [_thread_in_native, id=6560, stack(0x00007efbd15b0000,0x00007efbd16b1000)]
  0x00007efbf0406800 JavaThread "NIO Selector #1" [_thread_in_native, id=6559, stack(0x00007efbd16b1000,0x00007efbd17b2000)]
  0x00007efbf0404800 JavaThread "NIO Selector #0" [_thread_in_native, id=6558, stack(0x00007efbd17b2000,0x00007efbd18b3000)]
  0x00007efbf0403000 JavaThread "NIO Cleanup" [_thread_blocked, id=6557, stack(0x00007efbd18b3000,0x00007efbd19b4000)]
  0x00007efbf0401000 JavaThread "NIO Acceptor localhost:8081" [_thread_in_native, id=6556, stack(0x00007efbd19b4000,0x00007efbd1ab5000)]
  0x00007efbf03ff800 JavaThread "NIO Selector #3" [_thread_in_native, id=6555, stack(0x00007efbd1ab5000,0x00007efbd1bb6000)]
  0x00007efbf03fd800 JavaThread "NIO Selector #2" [_thread_in_native, id=6554, stack(0x00007efbd1bb6000,0x00007efbd1cb7000)]
  0x00007efbf03fc000 JavaThread "NIO Selector #1" [_thread_in_native, id=6553, stack(0x00007efbd1cb7000,0x00007efbd1db8000)]
  0x00007efbf03fa800 JavaThread "NIO Selector #0" [_thread_in_native, id=6552, stack(0x00007efbd1db8000,0x00007efbd1eb9000)]
  0x00007efbf03f8800 JavaThread "NIO Cleanup" [_thread_blocked, id=6551, stack(0x00007efbd1eb9000,0x00007efbd1fba000)]
  0x00007efbf03f7000 JavaThread "NIO Acceptor localhost:8080" [_thread_in_native, id=6550, stack(0x00007efbd1fba000,0x00007efbd20bb000)]
  0x00007efbf03f5000 JavaThread "NIO Selector #3" [_thread_in_native, id=6549, stack(0x00007efbd20bb000,0x00007efbd21bc000)]
  0x00007efbf03d8800 JavaThread "NIO Selector #2" [_thread_in_native, id=6548, stack(0x00007efbd21bc000,0x00007efbd22bd000)]
=>0x00007efbf03d7000 JavaThread "NIO Selector #1" [_thread_in_Java, id=6547, stack(0x00007efbd22bd000,0x00007efbd23be000)]
  0x00007efbf03e6000 JavaThread "NIO Selector #0" [_thread_in_native, id=6546, stack(0x00007efbd23be000,0x00007efbd24bf000)]
  0x00007efbf030b000 JavaThread "Service Thread" daemon [_thread_blocked, id=6542, stack(0x00007efbd80f8000,0x00007efbd81f9000)]
  0x00007efbf02f6000 JavaThread "C1 CompilerThread2" daemon [_thread_blocked, id=6541, stack(0x00007efbd81f9000,0x00007efbd82fa000)]
  0x00007efbf02f3000 JavaThread "C2 CompilerThread1" daemon [_thread_blocked, id=6540, stack(0x00007efbd82fa000,0x00007efbd83fb000)]
  0x00007efbf02f1800 JavaThread "C2 CompilerThread0" daemon [_thread_blocked, id=6539, stack(0x00007efbd8613000,0x00007efbd8714000)]
  0x00007efbf02f0000 JavaThread "Monitor Ctrl-Break" daemon [_thread_in_native, id=6538, stack(0x00007efbd8714000,0x00007efbd8815000)]
  0x00007efbf0175800 JavaThread "Signal Dispatcher" daemon [_thread_blocked, id=6537, stack(0x00007efbd8815000,0x00007efbd8916000)]
  0x00007efbf014d000 JavaThread "Finalizer" daemon [_thread_blocked, id=6536, stack(0x00007efbd8d20000,0x00007efbd8e21000)]
  0x00007efbf0148800 JavaThread "Reference Handler" daemon [_thread_blocked, id=6535, stack(0x00007efbd8e21000,0x00007efbd8f22000)]
  0x00007efbf000c800 JavaThread "main" [_thread_blocked, id=6527, stack(0x00007efbf7ecb000,0x00007efbf7fcc000)]

Other Threads:
  0x00007efbf0141000 VMThread [stack: 0x00007efbd8f22000,0x00007efbd9023000] [id=6534]
  0x00007efbf030d800 WatcherThread [stack: 0x00007efbd338d000,0x00007efbd348e000] [id=6543]

VM state:not at safepoint (normal execution)

VM Mutex/Monitor currently owned by a thread: None

Heap:
 PSYoungGen      total 23040K, used 5815K [0x00000000eab00000, 0x00000000ec280000, 0x0000000100000000)
  eden space 22528K, 25% used [0x00000000eab00000,0x00000000eb09dfa0,0x00000000ec100000)
  from space 512K, 12% used [0x00000000ec200000,0x00000000ec210000,0x00000000ec280000)
  to   space 512K, 0% used [0x00000000ec180000,0x00000000ec180000,0x00000000ec200000)
 ParOldGen       total 75264K, used 2516K [0x00000000c0000000, 0x00000000c4980000, 0x00000000eab00000)
  object space 75264K, 3% used [0x00000000c0000000,0x00000000c02753c8,0x00000000c4980000)
 Metaspace       used 6929K, capacity 7028K, committed 7296K, reserved 1056768K
  class space    used 792K, capacity 828K, committed 896K, reserved 1048576K

Card table byte_map: [0x00007efbf4189000,0x00007efbf438a000] byte_map_base: 0x00007efbf3b89000

Marking Bits: (ParMarkBitMap*) 0x00007efbf71a82c0
 Begin Bits: [0x00007efbda000000, 0x00007efbdb000000)
 End Bits:   [0x00007efbdb000000, 0x00007efbdc000000)

Polling page: 0x00007efbf7ffb000

CodeCache: size=245760Kb used=3085Kb max_used=3100Kb free=242674Kb
 bounds [0x00007efbe1000000, 0x00007efbe1310000, 0x00007efbf0000000]
 total_blobs=1024 nmethods=710 adapters=230
 compilation: enabled

Compilation events (10 events):
Event: 289.218 Thread 0x00007efbf02f1800  707  s    4       one.nio.net.NativeSelector::add (91 bytes)
Event: 289.218 Thread 0x00007efbf02f3000  706       4       one.nio.net.NativeSelector::register (32 bytes)
Event: 289.227 Thread 0x00007efbf02f1800 nmethod 707 0x00007efbe12f8e90 code [0x00007efbe12f9000, 0x00007efbe12f94c8]
Event: 289.228 Thread 0x00007efbf02f3000 nmethod 706 0x00007efbe12f2890 code [0x00007efbe12f2a20, 0x00007efbe12f2f78]
Event: 574.793 Thread 0x00007efbf02f6000  708       3       one.nio.http.HttpClient$ResponseReader::readLine (85 bytes)
Event: 574.794 Thread 0x00007efbf02f6000 nmethod 708 0x00007efbe12f1e10 code [0x00007efbe12f1fc0, 0x00007efbe12f24e8]
Event: 575.228 Thread 0x00007efbf02f3000  709       4       one.nio.http.HttpClient$ResponseReader::readLine (85 bytes)
Event: 575.353 Thread 0x00007efbf02f3000 nmethod 709 0x00007efbe1306910 code [0x00007efbe1306aa0, 0x00007efbe1307208]
Event: 598.227 Thread 0x00007efbf02f1800  710 % !   4       one.nio.server.AcceptorThread::run @ 46 (195 bytes)
Event: 598.341 Thread 0x00007efbf02f1800 nmethod 710% 0x00007efbe130a410 code [0x00007efbe130a6e0, 0x00007efbe130b660]

GC Heap History (10 events):
Event: 1098.129 GC heap before
{Heap before GC invocations=370 (full 0):
 PSYoungGen      total 23040K, used 22592K [0x00000000eab00000, 0x00000000ec280000, 0x0000000100000000)
  eden space 22528K, 100% used [0x00000000eab00000,0x00000000ec100000,0x00000000ec100000)
  from space 512K, 12% used [0x00000000ec180000,0x00000000ec190000,0x00000000ec200000)
  to   space 512K, 0% used [0x00000000ec200000,0x00000000ec200000,0x00000000ec280000)
 ParOldGen       total 75264K, used 2500K [0x00000000c0000000, 0x00000000c4980000, 0x00000000eab00000)
  object space 75264K, 3% used [0x00000000c0000000,0x00000000c02713c8,0x00000000c4980000)
 Metaspace       used 6929K, capacity 7028K, committed 7296K, reserved 1056768K
  class space    used 792K, capacity 828K, committed 896K, reserved 1048576K
Event: 1098.131 GC heap after
Heap after GC invocations=370 (full 0):
 PSYoungGen      total 23040K, used 96K [0x00000000eab00000, 0x00000000ec280000, 0x0000000100000000)
  eden space 22528K, 0% used [0x00000000eab00000,0x00000000eab00000,0x00000000ec100000)
  from space 512K, 18% used [0x00000000ec200000,0x00000000ec218000,0x00000000ec280000)
  to   space 512K, 0% used [0x00000000ec180000,0x00000000ec180000,0x00000000ec200000)
 ParOldGen       total 75264K, used 2516K [0x00000000c0000000, 0x00000000c4980000, 0x00000000eab00000)
  object space 75264K, 3% used [0x00000000c0000000,0x00000000c02753c8,0x00000000c4980000)
 Metaspace       used 6929K, capacity 7028K, committed 7296K, reserved 1056768K
  class space    used 792K, capacity 828K, committed 896K, reserved 1048576K
}
Event: 1098.571 GC heap before
{Heap before GC invocations=371 (full 0):
 PSYoungGen      total 23040K, used 22624K [0x00000000eab00000, 0x00000000ec280000, 0x0000000100000000)
  eden space 22528K, 100% used [0x00000000eab00000,0x00000000ec100000,0x00000000ec100000)
  from space 512K, 18% used [0x00000000ec200000,0x00000000ec218000,0x00000000ec280000)
  to   space 512K, 0% used [0x00000000ec180000,0x00000000ec180000,0x00000000ec200000)
 ParOldGen       total 75264K, used 2516K [0x00000000c0000000, 0x00000000c4980000, 0x00000000eab00000)
  object space 75264K, 3% used [0x00000000c0000000,0x00000000c02753c8,0x00000000c4980000)
 Metaspace       used 6929K, capacity 7028K, committed 7296K, reserved 1056768K
  class space    used 792K, capacity 828K, committed 896K, reserved 1048576K
Event: 1098.573 GC heap after
Heap after GC invocations=371 (full 0):
 PSYoungGen      total 23040K, used 32K [0x00000000eab00000, 0x00000000ec280000, 0x0000000100000000)
  eden space 22528K, 0% used [0x00000000eab00000,0x00000000eab00000,0x00000000ec100000)
  from space 512K, 6% used [0x00000000ec180000,0x00000000ec188000,0x00000000ec200000)
  to   space 512K, 0% used [0x00000000ec200000,0x00000000ec200000,0x00000000ec280000)
 ParOldGen       total 75264K, used 2516K [0x00000000c0000000, 0x00000000c4980000, 0x00000000eab00000)
  object space 75264K, 3% used [0x00000000c0000000,0x00000000c02753c8,0x00000000c4980000)
 Metaspace       used 6929K, capacity 7028K, committed 7296K, reserved 1056768K
  class space    used 792K, capacity 828K, committed 896K, reserved 1048576K
}
Event: 1098.972 GC heap before
{Heap before GC invocations=372 (full 0):
 PSYoungGen      total 23040K, used 22553K [0x00000000eab00000, 0x00000000ec280000, 0x0000000100000000)
  eden space 22528K, 99% used [0x00000000eab00000,0x00000000ec0fe468,0x00000000ec100000)
  from space 512K, 6% used [0x00000000ec180000,0x00000000ec188000,0x00000000ec200000)
  to   space 512K, 0% used [0x00000000ec200000,0x00000000ec200000,0x00000000ec280000)
 ParOldGen       total 75264K, used 2516K [0x00000000c0000000, 0x00000000c4980000, 0x00000000eab00000)
  object space 75264K, 3% used [0x00000000c0000000,0x00000000c02753c8,0x00000000c4980000)
 Metaspace       used 6929K, capacity 7028K, committed 7296K, reserved 1056768K
  class space    used 792K, capacity 828K, committed 896K, reserved 1048576K
Event: 1098.973 GC heap after
Heap after GC invocations=372 (full 0):
 PSYoungGen      total 23040K, used 128K [0x00000000eab00000, 0x00000000ec280000, 0x0000000100000000)
  eden space 22528K, 0% used [0x00000000eab00000,0x00000000eab00000,0x00000000ec100000)
  from space 512K, 25% used [0x00000000ec200000,0x00000000ec220000,0x00000000ec280000)
  to   space 512K, 0% used [0x00000000ec180000,0x00000000ec180000,0x00000000ec200000)
 ParOldGen       total 75264K, used 2516K [0x00000000c0000000, 0x00000000c4980000, 0x00000000eab00000)
  object space 75264K, 3% used [0x00000000c0000000,0x00000000c02753c8,0x00000000c4980000)
 Metaspace       used 6929K, capacity 7028K, committed 7296K, reserved 1056768K
  class space    used 792K, capacity 828K, committed 896K, reserved 1048576K
}
Event: 1099.437 GC heap before
{Heap before GC invocations=373 (full 0):
 PSYoungGen      total 23040K, used 22655K [0x00000000eab00000, 0x00000000ec280000, 0x0000000100000000)
  eden space 22528K, 99% used [0x00000000eab00000,0x00000000ec0ffe20,0x00000000ec100000)
  from space 512K, 25% used [0x00000000ec200000,0x00000000ec220000,0x00000000ec280000)
  to   space 512K, 0% used [0x00000000ec180000,0x00000000ec180000,0x00000000ec200000)
 ParOldGen       total 75264K, used 2516K [0x00000000c0000000, 0x00000000c4980000, 0x00000000eab00000)
  object space 75264K, 3% used [0x00000000c0000000,0x00000000c02753c8,0x00000000c4980000)
 Metaspace       used 6929K, capacity 7028K, committed 7296K, reserved 1056768K
  class space    used 792K, capacity 828K, committed 896K, reserved 1048576K
Event: 1099.438 GC heap after
Heap after GC invocations=373 (full 0):
 PSYoungGen      total 23040K, used 32K [0x00000000eab00000, 0x00000000ec280000, 0x0000000100000000)
  eden space 22528K, 0% used [0x00000000eab00000,0x00000000eab00000,0x00000000ec100000)
  from space 512K, 6% used [0x00000000ec180000,0x00000000ec188000,0x00000000ec200000)
  to   space 512K, 0% used [0x00000000ec200000,0x00000000ec200000,0x00000000ec280000)
 ParOldGen       total 75264K, used 2516K [0x00000000c0000000, 0x00000000c4980000, 0x00000000eab00000)
  object space 75264K, 3% used [0x00000000c0000000,0x00000000c02753c8,0x00000000c4980000)
 Metaspace       used 6929K, capacity 7028K, committed 7296K, reserved 1056768K
  class space    used 792K, capacity 828K, committed 896K, reserved 1048576K
}
Event: 1099.957 GC heap before
{Heap before GC invocations=374 (full 0):
 PSYoungGen      total 23040K, used 22560K [0x00000000eab00000, 0x00000000ec280000, 0x0000000100000000)
  eden space 22528K, 100% used [0x00000000eab00000,0x00000000ec100000,0x00000000ec100000)
  from space 512K, 6% used [0x00000000ec180000,0x00000000ec188000,0x00000000ec200000)
  to   space 512K, 0% used [0x00000000ec200000,0x00000000ec200000,0x00000000ec280000)
 ParOldGen       total 75264K, used 2516K [0x00000000c0000000, 0x00000000c4980000, 0x00000000eab00000)
  object space 75264K, 3% used [0x00000000c0000000,0x00000000c02753c8,0x00000000c4980000)
 Metaspace       used 6929K, capacity 7028K, committed 7296K, reserved 1056768K
  class space    used 792K, capacity 828K, committed 896K, reserved 1048576K
Event: 1099.958 GC heap after
Heap after GC invocations=374 (full 0):
 PSYoungGen      total 23040K, used 64K [0x00000000eab00000, 0x00000000ec280000, 0x0000000100000000)
  eden space 22528K, 0% used [0x00000000eab00000,0x00000000eab00000,0x00000000ec100000)
  from space 512K, 12% used [0x00000000ec200000,0x00000000ec210000,0x00000000ec280000)
  to   space 512K, 0% used [0x00000000ec180000,0x00000000ec180000,0x00000000ec200000)
 ParOldGen       total 75264K, used 2516K [0x00000000c0000000, 0x00000000c4980000, 0x00000000eab00000)
  object space 75264K, 3% used [0x00000000c0000000,0x00000000c02753c8,0x00000000c4980000)
 Metaspace       used 6929K, capacity 7028K, committed 7296K, reserved 1056768K
  class space    used 792K, capacity 828K, committed 896K, reserved 1048576K
}

Deoptimization events (7 events):
Event: 243.145 Thread 0x00007efbf03d7000 Uncommon trap: reason=predicate action=maybe_recompile pc=0x00007efbe12b1984 method=java.util.AbstractCollection.toArray([Ljava/lang/Object;)[Ljava/lang/Object; @ 49
Event: 243.318 Thread 0x00007efbf03d7000 Uncommon trap: reason=array_check action=maybe_recompile pc=0x00007efbe12ba634 method=java.util.AbstractCollection.toArray([Ljava/lang/Object;)[Ljava/lang/Object; @ 119
Event: 243.320 Thread 0x00007efbf03d8800 Uncommon trap: reason=array_check action=maybe_recompile pc=0x00007efbe12ba634 method=java.util.AbstractCollection.toArray([Ljava/lang/Object;)[Ljava/lang/Object; @ 119
Event: 243.320 Thread 0x00007efbf03d8800 Uncommon trap: reason=array_check action=maybe_recompile pc=0x00007efbe12ba634 method=java.util.AbstractCollection.toArray([Ljava/lang/Object;)[Ljava/lang/Object; @ 119
Event: 243.322 Thread 0x00007efbf03d8800 Uncommon trap: reason=array_check action=maybe_recompile pc=0x00007efbe12ba634 method=java.util.AbstractCollection.toArray([Ljava/lang/Object;)[Ljava/lang/Object; @ 119
Event: 257.302 Thread 0x00007efbf03f7000 Uncommon trap: reason=unstable_if action=reinterpret pc=0x00007efbe12dc4d0 method=one.nio.net.NativeSelector.add(Lone/nio/net/Session;)V @ 61
Event: 574.782 Thread 0x00007efbf03d7000 Uncommon trap: reason=unstable_if action=reinterpret pc=0x00007efbe123b45c method=one.nio.http.HttpClient$ResponseReader.readLine()Ljava/lang/String; @ 17

Internal exceptions (10 events):
Event: 1.013 Thread 0x00007efbf000c800 Exception <a 'java/security/PrivilegedActionException'> (0x00000000eaef0220) thrown at [/build/openjdk-8-W2Qe27/openjdk-8-8u151-b12/src/hotspot/src/share/vm/prims/jvm.cpp, line 1390]
Event: 1.415 Thread 0x00007efbf000c800 Exception <a 'java/lang/ArrayIndexOutOfBoundsException'> (0x00000000eb3e5f08) thrown at [/build/openjdk-8-W2Qe27/openjdk-8-8u151-b12/src/hotspot/src/share/vm/runtime/sharedRuntime.cpp, line 605]
Event: 1.416 Thread 0x00007efbf000c800 Exception <a 'java/lang/ArrayIndexOutOfBoundsException'> (0x00000000eb3e8530) thrown at [/build/openjdk-8-W2Qe27/openjdk-8-8u151-b12/src/hotspot/src/share/vm/runtime/sharedRuntime.cpp, line 605]
Event: 1.417 Thread 0x00007efbf000c800 Exception <a 'java/lang/ArrayIndexOutOfBoundsException'> (0x00000000eb3e9bb0) thrown at [/build/openjdk-8-W2Qe27/openjdk-8-8u151-b12/src/hotspot/src/share/vm/runtime/sharedRuntime.cpp, line 605]
Event: 1.419 Thread 0x00007efbf000c800 Exception <a 'java/lang/ArrayIndexOutOfBoundsException'> (0x00000000eb3ef940) thrown at [/build/openjdk-8-W2Qe27/openjdk-8-8u151-b12/src/hotspot/src/share/vm/runtime/sharedRuntime.cpp, line 605]
Event: 1.467 Thread 0x00007efbf000c800 Exception <a 'java/lang/ArrayIndexOutOfBoundsException'> (0x00000000eb41d3e0) thrown at [/build/openjdk-8-W2Qe27/openjdk-8-8u151-b12/src/hotspot/src/share/vm/runtime/sharedRuntime.cpp, line 605]
Event: 1.467 Thread 0x00007efbf000c800 Exception <a 'java/lang/ArrayIndexOutOfBoundsException'> (0x00000000eb41ea80) thrown at [/build/openjdk-8-W2Qe27/openjdk-8-8u151-b12/src/hotspot/src/share/vm/runtime/sharedRuntime.cpp, line 605]
Event: 1.468 Thread 0x00007efbf000c800 Exception <a 'java/lang/ArrayIndexOutOfBoundsException'> (0x00000000eb421038) thrown at [/build/openjdk-8-W2Qe27/openjdk-8-8u151-b12/src/hotspot/src/share/vm/runtime/sharedRuntime.cpp, line 605]
Event: 1.508 Thread 0x00007efbf000c800 Exception <a 'java/lang/ArrayIndexOutOfBoundsException'> (0x00000000eb44df18) thrown at [/build/openjdk-8-W2Qe27/openjdk-8-8u151-b12/src/hotspot/src/share/vm/runtime/sharedRuntime.cpp, line 605]
Event: 1.534 Thread 0x00007efbf000c800 Exception <a 'java/lang/ArrayIndexOutOfBoundsException'> (0x00000000eb46dd08) thrown at [/build/openjdk-8-W2Qe27/openjdk-8-8u151-b12/src/hotspot/src/share/vm/runtime/sharedRuntime.cpp, line 605]

Events (10 events):
Event: 1098.129 Executing VM operation: ParallelGCFailedAllocation
Event: 1098.131 Executing VM operation: ParallelGCFailedAllocation done
Event: 1098.571 Executing VM operation: ParallelGCFailedAllocation
Event: 1098.573 Executing VM operation: ParallelGCFailedAllocation done
Event: 1098.972 Executing VM operation: ParallelGCFailedAllocation
Event: 1098.974 Executing VM operation: ParallelGCFailedAllocation done
Event: 1099.437 Executing VM operation: ParallelGCFailedAllocation
Event: 1099.439 Executing VM operation: ParallelGCFailedAllocation done
Event: 1099.957 Executing VM operation: ParallelGCFailedAllocation
Event: 1099.958 Executing VM operation: ParallelGCFailedAllocation done


Dynamic libraries:
00400000-00401000 r-xp 00000000 08:06 8785238                            /usr/lib/jvm/java-8-openjdk-amd64/jre/bin/java
00600000-00601000 r--p 00000000 08:06 8785238                            /usr/lib/jvm/java-8-openjdk-amd64/jre/bin/java
00601000-00602000 rw-p 00001000 08:06 8785238                            /usr/lib/jvm/java-8-openjdk-amd64/jre/bin/java
02602000-02623000 rw-p 00000000 00:00 0                                  [heap]
c0000000-c4980000 rw-p 00000000 00:00 0 
c4980000-eab00000 ---p 00000000 00:00 0 
eab00000-ec280000 rw-p 00000000 00:00 0 
ec280000-100000000 ---p 00000000 00:00 0 
100000000-1000e0000 rw-p 00000000 00:00 0 
1000e0000-140000000 ---p 00000000 00:00 0 
7efb5c000000-7efb5d7c3000 rw-p 00000000 00:00 0 
7efb5d7c3000-7efb60000000 ---p 00000000 00:00 0 
7efb60000000-7efb60021000 rw-p 00000000 00:00 0 
7efb60021000-7efb64000000 ---p 00000000 00:00 0 
7efb64000000-7efb64021000 rw-p 00000000 00:00 0 
7efb64021000-7efb68000000 ---p 00000000 00:00 0 
7efb6c000000-7efb6c021000 rw-p 00000000 00:00 0 
7efb6c021000-7efb70000000 ---p 00000000 00:00 0 
7efb70000000-7efb70021000 rw-p 00000000 00:00 0 
7efb70021000-7efb74000000 ---p 00000000 00:00 0 
7efb74000000-7efb74021000 rw-p 00000000 00:00 0 
7efb74021000-7efb78000000 ---p 00000000 00:00 0 
7efb78000000-7efb78021000 rw-p 00000000 00:00 0 
7efb78021000-7efb7c000000 ---p 00000000 00:00 0 
7efb7c000000-7efb7c021000 rw-p 00000000 00:00 0 
7efb7c021000-7efb80000000 ---p 00000000 00:00 0 
7efb80000000-7efb80021000 rw-p 00000000 00:00 0 
7efb80021000-7efb84000000 ---p 00000000 00:00 0 
7efb84000000-7efb84021000 rw-p 00000000 00:00 0 
7efb84021000-7efb88000000 ---p 00000000 00:00 0 
7efb88000000-7efb88021000 rw-p 00000000 00:00 0 
7efb88021000-7efb8c000000 ---p 00000000 00:00 0 
7efb8c000000-7efb8c021000 rw-p 00000000 00:00 0 
7efb8c021000-7efb90000000 ---p 00000000 00:00 0 
7efb90000000-7efb90021000 rw-p 00000000 00:00 0 
7efb90021000-7efb94000000 ---p 00000000 00:00 0 
7efb94000000-7efb9402a000 rw-p 00000000 00:00 0 
7efb9402a000-7efb98000000 ---p 00000000 00:00 0 
7efb98000000-7efb98021000 rw-p 00000000 00:00 0 
7efb98021000-7efb9c000000 ---p 00000000 00:00 0 
7efb9c000000-7efb9c021000 rw-p 00000000 00:00 0 
7efb9c021000-7efba0000000 ---p 00000000 00:00 0 
7efba0000000-7efba0021000 rw-p 00000000 00:00 0 
7efba0021000-7efba4000000 ---p 00000000 00:00 0 
7efba4000000-7efba4306000 rw-p 00000000 00:00 0 
7efba4306000-7efba8000000 ---p 00000000 00:00 0 
7efba8000000-7efba803c000 rw-p 00000000 00:00 0 
7efba803c000-7efbac000000 ---p 00000000 00:00 0 
7efbac000000-7efbac7b8000 rw-p 00000000 00:00 0 
7efbac7b8000-7efbb0000000 ---p 00000000 00:00 0 
7efbb0000000-7efbb05ba000 rw-p 00000000 00:00 0 
7efbb05ba000-7efbb4000000 ---p 00000000 00:00 0 
7efbb4000000-7efbb4021000 rw-p 00000000 00:00 0 
7efbb4021000-7efbb8000000 ---p 00000000 00:00 0 
7efbb8000000-7efbb8021000 rw-p 00000000 00:00 0 
7efbb8021000-7efbbc000000 ---p 00000000 00:00 0 
7efbbc000000-7efbbc021000 rw-p 00000000 00:00 0 
7efbbc021000-7efbc0000000 ---p 00000000 00:00 0 
7efbc0000000-7efbc0021000 rw-p 00000000 00:00 0 
7efbc0021000-7efbc4000000 ---p 00000000 00:00 0 
7efbc4000000-7efbc4021000 rw-p 00000000 00:00 0 
7efbc4021000-7efbc8000000 ---p 00000000 00:00 0 
7efbc8000000-7efbc8031000 rw-p 00000000 00:00 0 
7efbc8031000-7efbcc000000 ---p 00000000 00:00 0 
7efbcc000000-7efbcc021000 rw-p 00000000 00:00 0 
7efbcc021000-7efbd0000000 ---p 00000000 00:00 0 
7efbd0b16000-7efbd0b27000 r-xp 00000000 08:06 2763001                    /home/iters/Документы/async-profiler/build/libasyncProfiler.so
7efbd0b27000-7efbd0d26000 ---p 00011000 08:06 2763001                    /home/iters/Документы/async-profiler/build/libasyncProfiler.so
7efbd0d26000-7efbd0d27000 r--p 00010000 08:06 2763001                    /home/iters/Документы/async-profiler/build/libasyncProfiler.so
7efbd0d27000-7efbd0d28000 rw-p 00011000 08:06 2763001                    /home/iters/Документы/async-profiler/build/libasyncProfiler.so
7efbd0d28000-7efbd11ac000 rw-p 00000000 00:00 0 
7efbd11ac000-7efbd11af000 ---p 00000000 00:00 0 
7efbd11af000-7efbd12ad000 rw-p 00000000 00:00 0 
7efbd12ad000-7efbd12b0000 ---p 00000000 00:00 0 
7efbd12b0000-7efbd13ae000 rw-p 00000000 00:00 0 
7efbd13ae000-7efbd13b1000 ---p 00000000 00:00 0 
7efbd13b1000-7efbd14af000 rw-p 00000000 00:00 0 
7efbd14af000-7efbd14b2000 ---p 00000000 00:00 0 
7efbd14b2000-7efbd15b0000 rw-p 00000000 00:00 0 
7efbd15b0000-7efbd15b3000 ---p 00000000 00:00 0 
7efbd15b3000-7efbd16b1000 rw-p 00000000 00:00 0 
7efbd16b1000-7efbd16b4000 ---p 00000000 00:00 0 
7efbd16b4000-7efbd17b2000 rw-p 00000000 00:00 0 
7efbd17b2000-7efbd17b5000 ---p 00000000 00:00 0 
7efbd17b5000-7efbd18b3000 rw-p 00000000 00:00 0 
7efbd18b3000-7efbd18b6000 ---p 00000000 00:00 0 
7efbd18b6000-7efbd19b4000 rw-p 00000000 00:00 0 
7efbd19b4000-7efbd19b7000 ---p 00000000 00:00 0 
7efbd19b7000-7efbd1ab5000 rw-p 00000000 00:00 0 
7efbd1ab5000-7efbd1ab8000 ---p 00000000 00:00 0 
7efbd1ab8000-7efbd1bb6000 rw-p 00000000 00:00 0 
7efbd1bb6000-7efbd1bb9000 ---p 00000000 00:00 0 
7efbd1bb9000-7efbd1cb7000 rw-p 00000000 00:00 0 
7efbd1cb7000-7efbd1cba000 ---p 00000000 00:00 0 
7efbd1cba000-7efbd1db8000 rw-p 00000000 00:00 0 
7efbd1db8000-7efbd1dbb000 ---p 00000000 00:00 0 
7efbd1dbb000-7efbd1eb9000 rw-p 00000000 00:00 0 
7efbd1eb9000-7efbd1ebc000 ---p 00000000 00:00 0 
7efbd1ebc000-7efbd1fba000 rw-p 00000000 00:00 0 
7efbd1fba000-7efbd1fbd000 ---p 00000000 00:00 0 
7efbd1fbd000-7efbd20bb000 rw-p 00000000 00:00 0 
7efbd20bb000-7efbd20be000 ---p 00000000 00:00 0 
7efbd20be000-7efbd21bc000 rw-p 00000000 00:00 0 
7efbd21bc000-7efbd21bf000 ---p 00000000 00:00 0 
7efbd21bf000-7efbd22bd000 rw-p 00000000 00:00 0 
7efbd22bd000-7efbd22c0000 ---p 00000000 00:00 0 
7efbd22c0000-7efbd23be000 rw-p 00000000 00:00 0 
7efbd23be000-7efbd23c1000 ---p 00000000 00:00 0 
7efbd23c1000-7efbd24bf000 rw-p 00000000 00:00 0 
7efbd24bf000-7efbd24c8000 r-xp 00000000 08:06 8914773                    /usr/lib/jvm/java-8-openjdk-amd64/jre/lib/amd64/libmanagement.so
7efbd24c8000-7efbd26c7000 ---p 00009000 08:06 8914773                    /usr/lib/jvm/java-8-openjdk-amd64/jre/lib/amd64/libmanagement.so
7efbd26c7000-7efbd26c8000 r--p 00008000 08:06 8914773                    /usr/lib/jvm/java-8-openjdk-amd64/jre/lib/amd64/libmanagement.so
7efbd26c8000-7efbd26c9000 rw-p 00009000 08:06 8914773                    /usr/lib/jvm/java-8-openjdk-amd64/jre/lib/amd64/libmanagement.so
7efbd26c9000-7efbd28b2000 rw-p 00000000 00:00 0 
7efbd28b2000-7efbd2acc000 r-xp 00000000 08:06 8126654                    /lib/x86_64-linux-gnu/libcrypto.so.1.0.0
7efbd2acc000-7efbd2ccb000 ---p 0021a000 08:06 8126654                    /lib/x86_64-linux-gnu/libcrypto.so.1.0.0
7efbd2ccb000-7efbd2ce7000 r--p 00219000 08:06 8126654                    /lib/x86_64-linux-gnu/libcrypto.so.1.0.0
7efbd2ce7000-7efbd2cf3000 rw-p 00235000 08:06 8126654                    /lib/x86_64-linux-gnu/libcrypto.so.1.0.0
7efbd2cf3000-7efbd2cf6000 rw-p 00000000 00:00 0 
7efbd2cf6000-7efbd2d54000 r-xp 00000000 08:06 8126661                    /lib/x86_64-linux-gnu/libssl.so.1.0.0
7efbd2d54000-7efbd2f54000 ---p 0005e000 08:06 8126661                    /lib/x86_64-linux-gnu/libssl.so.1.0.0
7efbd2f54000-7efbd2f58000 r--p 0005e000 08:06 8126661                    /lib/x86_64-linux-gnu/libssl.so.1.0.0
7efbd2f58000-7efbd2f5f000 rw-p 00062000 08:06 8126661                    /lib/x86_64-linux-gnu/libssl.so.1.0.0
7efbd2f5f000-7efbd2f79000 r-xp 00000000 08:06 4197818                    /tmp/libonenio.30ff57c8.so
7efbd2f79000-7efbd3178000 ---p 0001a000 08:06 4197818                    /tmp/libonenio.30ff57c8.so
7efbd3178000-7efbd3179000 r--p 00019000 08:06 4197818                    /tmp/libonenio.30ff57c8.so
7efbd3179000-7efbd317a000 rw-p 0001a000 08:06 4197818                    /tmp/libonenio.30ff57c8.so
7efbd317a000-7efbd318b000 r-xp 00000000 08:06 8915909                    /usr/lib/jvm/java-8-openjdk-amd64/jre/lib/amd64/libnio.so
7efbd318b000-7efbd338b000 ---p 00011000 08:06 8915909                    /usr/lib/jvm/java-8-openjdk-amd64/jre/lib/amd64/libnio.so
7efbd338b000-7efbd338c000 r--p 00011000 08:06 8915909                    /usr/lib/jvm/java-8-openjdk-amd64/jre/lib/amd64/libnio.so
7efbd338c000-7efbd338d000 rw-p 00012000 08:06 8915909                    /usr/lib/jvm/java-8-openjdk-amd64/jre/lib/amd64/libnio.so
7efbd338d000-7efbd338e000 ---p 00000000 00:00 0 
7efbd338e000-7efbd4000000 rw-p 00000000 00:00 0 
7efbd4000000-7efbd4021000 rw-p 00000000 00:00 0 
7efbd4021000-7efbd8000000 ---p 00000000 00:00 0 
7efbd80b2000-7efbd80b4000 rw-s 00000000 00:0b 7005                       anon_inode:[perf_event]
7efbd80b4000-7efbd80b6000 rw-s 00000000 00:0b 7005                       anon_inode:[perf_event]
7efbd80b6000-7efbd80b8000 rw-s 00000000 00:0b 7005                       anon_inode:[perf_event]
7efbd80b8000-7efbd80ba000 rw-s 00000000 00:0b 7005                       anon_inode:[perf_event]
7efbd80ba000-7efbd80bc000 rw-s 00000000 00:0b 7005                       anon_inode:[perf_event]
7efbd80bc000-7efbd80be000 rw-s 00000000 00:0b 7005                       anon_inode:[perf_event]
7efbd80be000-7efbd80c0000 rw-s 00000000 00:0b 7005                       anon_inode:[perf_event]
7efbd80c0000-7efbd80c2000 rw-s 00000000 00:0b 7005                       anon_inode:[perf_event]
7efbd80c2000-7efbd80c4000 rw-s 00000000 00:0b 7005                       anon_inode:[perf_event]
7efbd80c4000-7efbd80c6000 rw-s 00000000 00:0b 7005                       anon_inode:[perf_event]
7efbd80c6000-7efbd80c8000 rw-s 00000000 00:0b 7005                       anon_inode:[perf_event]
7efbd80c8000-7efbd80ca000 rw-s 00000000 00:0b 7005                       anon_inode:[perf_event]
7efbd80ca000-7efbd80cc000 rw-s 00000000 00:0b 7005                       anon_inode:[perf_event]
7efbd80cc000-7efbd80ce000 rw-s 00000000 00:0b 7005                       anon_inode:[perf_event]
7efbd80ce000-7efbd80d0000 rw-s 00000000 00:0b 7005                       anon_inode:[perf_event]
7efbd80d0000-7efbd80d2000 rw-s 00000000 00:0b 7005                       anon_inode:[perf_event]
7efbd80d2000-7efbd80d4000 rw-s 00000000 00:0b 7005                       anon_inode:[perf_event]
7efbd80d4000-7efbd80d6000 rw-s 00000000 00:0b 7005                       anon_inode:[perf_event]
7efbd80d6000-7efbd80d8000 rw-s 00000000 00:0b 7005                       anon_inode:[perf_event]
7efbd80d8000-7efbd80da000 rw-s 00000000 00:0b 7005                       anon_inode:[perf_event]
7efbd80da000-7efbd80dc000 rw-s 00000000 00:0b 7005                       anon_inode:[perf_event]
7efbd80dc000-7efbd80de000 rw-s 00000000 00:0b 7005                       anon_inode:[perf_event]
7efbd80de000-7efbd80e0000 rw-s 00000000 00:0b 7005                       anon_inode:[perf_event]
7efbd80e0000-7efbd80e2000 rw-s 00000000 00:0b 7005                       anon_inode:[perf_event]
7efbd80e2000-7efbd80e4000 rw-s 00000000 00:0b 7005                       anon_inode:[perf_event]
7efbd80e4000-7efbd80e6000 rw-s 00000000 00:0b 7005                       anon_inode:[perf_event]
7efbd80e6000-7efbd80e8000 rw-s 00000000 00:0b 7005                       anon_inode:[perf_event]
7efbd80e8000-7efbd80ea000 rw-s 00000000 00:0b 7005                       anon_inode:[perf_event]
7efbd80ea000-7efbd80ec000 rw-s 00000000 00:0b 7005                       anon_inode:[perf_event]
7efbd80ec000-7efbd80ee000 rw-s 00000000 00:0b 7005                       anon_inode:[perf_event]
7efbd80ee000-7efbd80f0000 rw-s 00000000 00:0b 7005                       anon_inode:[perf_event]
7efbd80f0000-7efbd80f2000 rw-s 00000000 00:0b 7005                       anon_inode:[perf_event]
7efbd80f2000-7efbd80f4000 rw-s 00000000 00:0b 7005                       anon_inode:[perf_event]
7efbd80f4000-7efbd80f6000 rw-s 00000000 00:0b 7005                       anon_inode:[perf_event]
7efbd80f6000-7efbd80f8000 rw-s 00000000 00:0b 7005                       anon_inode:[perf_event]
7efbd80f8000-7efbd80fb000 ---p 00000000 00:00 0 
7efbd80fb000-7efbd81f9000 rw-p 00000000 00:00 0 
7efbd81f9000-7efbd81fc000 ---p 00000000 00:00 0 
7efbd81fc000-7efbd82fa000 rw-p 00000000 00:00 0 
7efbd82fa000-7efbd82fd000 ---p 00000000 00:00 0 
7efbd82fd000-7efbd83fb000 rw-p 00000000 00:00 0 
7efbd83fb000-7efbd8412000 r-xp 00000000 08:06 8914790                    /usr/lib/jvm/java-8-openjdk-amd64/jre/lib/amd64/libnet.so
7efbd8412000-7efbd8611000 ---p 00017000 08:06 8914790                    /usr/lib/jvm/java-8-openjdk-amd64/jre/lib/amd64/libnet.so
7efbd8611000-7efbd8612000 r--p 00016000 08:06 8914790                    /usr/lib/jvm/java-8-openjdk-amd64/jre/lib/amd64/libnet.so
7efbd8612000-7efbd8613000 rw-p 00017000 08:06 8914790                    /usr/lib/jvm/java-8-openjdk-amd64/jre/lib/amd64/libnet.so
7efbd8613000-7efbd8616000 ---p 00000000 00:00 0 
7efbd8616000-7efbd8714000 rw-p 00000000 00:00 0 
7efbd8714000-7efbd8717000 ---p 00000000 00:00 0 
7efbd8717000-7efbd8815000 rw-p 00000000 00:00 0 
7efbd8815000-7efbd8818000 ---p 00000000 00:00 0 
7efbd8818000-7efbd8916000 rw-p 00000000 00:00 0 
7efbd8916000-7efbd8d20000 r--p 00000000 08:06 8650941                    /usr/lib/locale/locale-archive
7efbd8d20000-7efbd8d23000 ---p 00000000 00:00 0 
7efbd8d23000-7efbd8e21000 rw-p 00000000 00:00 0 
7efbd8e21000-7efbd8e24000 ---p 00000000 00:00 0 
7efbd8e24000-7efbd8f22000 rw-p 00000000 00:00 0 
7efbd8f22000-7efbd8f23000 ---p 00000000 00:00 0 
7efbd8f23000-7efbd9e31000 rw-p 00000000 00:00 0 
7efbd9e31000-7efbda000000 r--s 03c21000 08:06 8785224                    /usr/lib/jvm/java-8-openjdk-amd64/jre/lib/rt.jar
7efbda000000-7efbdc000000 rw-p 00000000 00:00 0 
7efbdc000000-7efbdc021000 rw-p 00000000 00:00 0 
7efbdc021000-7efbe0000000 ---p 00000000 00:00 0 
7efbe0000000-7efbe0005000 r--s 0009a000 08:06 8785231                    /usr/lib/jvm/java-8-openjdk-amd64/jre/lib/jsse.jar
7efbe0005000-7efbe0007000 r--s 0001a000 08:06 2761773                    /home/iters/programs/idea-IU-171.4424.56/lib/idea_rt.jar
7efbe0007000-7efbe0009000 r--s 0000e000 08:06 4198552                    /home/iters/.gradle/caches/modules-2/files-2.1/javax.activation/activation/1.1/e6cb541461c2834bdea3eb920f1884d1eb508b50/activation-1.1.jar
7efbe0009000-7efbe0010000 r--s 0003a000 08:06 4199805                    /home/iters/.gradle/caches/modules-2/files-2.1/commons-codec/commons-codec/1.9/9ce04e34240f674bc72680f8b843b1457383161a/commons-codec-1.9.jar
7efbe0010000-7efbe0018000 r--s 00048000 08:06 4198103                    /home/iters/.gradle/caches/modules-2/files-2.1/org.apache.httpcomponents/httpcore/4.4.6/e3fd8ced1f52c7574af952e2e6da0df8df08eb82/httpcore-4.4.6.jar
7efbe0018000-7efbe001e000 r--s 00059000 08:06 4198551                    /home/iters/.gradle/caches/modules-2/files-2.1/javax.mail/mail/1.4/1aa1579ae5ecd41920c4f355b0a9ef40b68315dd/mail-1.4.jar
7efbe001e000-7efbe001f000 r--s 00000000 08:06 4198007                    /home/iters/.gradle/caches/modules-2/files-2.1/org.codehaus.mojo/animal-sniffer-annotations/1.14/775b7e22fb10026eed3f86e8dc556dfafe35f2d5/animal-sniffer-annotations-1.14.jar
7efbe001f000-7efbe0021000 r--s 00001000 08:06 4198006                    /home/iters/.gradle/caches/modules-2/files-2.1/com.google.j2objc/j2objc-annotations/1.1/976d8d30bebc251db406f2bdb3eb01962b5685b3/j2objc-annotations-1.1.jar
7efbe0021000-7efbe0022000 r--s 00002000 08:06 4198005                    /home/iters/.gradle/caches/modules-2/files-2.1/com.google.errorprone/error_prone_annotations/2.0.18/5f65affce1684999e2f4024983835efc3504012e/error_prone_annotations-2.0.18.jar
7efbe0022000-7efbe0025000 r--s 00006000 08:06 4198004                    /home/iters/.gradle/caches/modules-2/files-2.1/com.google.code.findbugs/jsr305/1.3.9/40719ea6961c0cb6afaeb6a921eaa1f6afd4cfdf/jsr305-1.3.9.jar
7efbe0025000-7efbe002c000 r--s 00059000 08:06 4198550                    /home/iters/.gradle/caches/modules-2/files-2.1/log4j/log4j/1.2.15/f0a0d2e29ed910808c33135a3a5a51bba6358f7b/log4j-1.2.15.jar
7efbe002c000-7efbe002e000 r--s 0000e000 08:06 4199804                    /home/iters/.gradle/caches/modules-2/files-2.1/commons-logging/commons-logging/1.2/4bfc12adfe4842bf07b657f0369c4cb522955686/commons-logging-1.2.jar
7efbe002e000-7efbe003b000 r--s 000aa000 08:06 4198102                    /home/iters/.gradle/caches/modules-2/files-2.1/org.apache.httpcomponents/httpclient/4.5.3/d1577ae15f01ef5438c5afc62162457c00a34713/httpclient-4.5.3.jar
7efbe003b000-7efbe003c000 r--s 0000a000 08:06 4198548                    /home/iters/.gradle/caches/modules-2/files-2.1/asm/asm/3.3/fb0f302a91a376fd5cfe23167c419375e8fc9b8f/asm-3.3.jar
7efbe003c000-7efbe006c000 r--s 00254000 08:06 4198003                    /home/iters/.gradle/caches/modules-2/files-2.1/com.google.guava/guava/23.1-jre/23ed5a005f9289062224ddbe0d398e732c5efc36/guava-23.1-jre.jar
7efbe006c000-7efbe0072000 r--s 00081000 08:06 4198574                    /home/iters/.gradle/caches/modules-2/files-2.1/ru.odnoklassniki/one-nio/1.0.1/368e239f93c85be262315006e02a4d081157f63a/one-nio-1.0.1.jar
7efbe0072000-7efbe0085000 r--s 00346000 08:06 8785230                    /usr/lib/jvm/java-8-openjdk-amd64/jre/lib/resources.jar
7efbe0085000-7efbe083c000 rw-p 00000000 00:00 0 
7efbe083c000-7efbe09fc000 ---p 00000000 00:00 0 
7efbe09fc000-7efbe0bfc000 rw-p 00000000 00:00 0 
7efbe0bfc000-7efbe0bfd000 ---p 00000000 00:00 0 
7efbe0bfd000-7efbe0cfd000 rw-p 00000000 00:00 0 
7efbe0cfd000-7efbe0cfe000 ---p 00000000 00:00 0 
7efbe0cfe000-7efbe0dfe000 rw-p 00000000 00:00 0 
7efbe0dfe000-7efbe0dff000 ---p 00000000 00:00 0 
7efbe0dff000-7efbe0eff000 rw-p 00000000 00:00 0 
7efbe0eff000-7efbe0f00000 ---p 00000000 00:00 0 
7efbe0f00000-7efbe1000000 rw-p 00000000 00:00 0 
7efbe1000000-7efbe1310000 rwxp 00000000 00:00 0 
7efbe1310000-7efbf0000000 ---p 00000000 00:00 0 
7efbf0000000-7efbf044f000 rw-p 00000000 00:00 0 
7efbf044f000-7efbf4000000 ---p 00000000 00:00 0 
7efbf4000000-7efbf4001000 r--s 00007000 08:06 4198101                    /home/iters/.gradle/caches/modules-2/files-2.1/org.apache.httpcomponents/fluent-hc/4.5.3/76487e3a4fa77b2dd6cb1927ea423e220d7efbab/fluent-hc-4.5.3.jar
7efbf4001000-7efbf4006000 r--s 0009a000 08:06 8785231                    /usr/lib/jvm/java-8-openjdk-amd64/jre/lib/jsse.jar
7efbf4006000-7efbf4009000 r--s 00015000 08:06 8785226                    /usr/lib/jvm/java-8-openjdk-amd64/jre/lib/jce.jar
7efbf4009000-7efbf400e000 r--s 002f9000 08:06 8785229                    /usr/lib/jvm/java-8-openjdk-amd64/jre/lib/charsets.jar
7efbf400e000-7efbf4029000 r--s 001d6000 08:06 8914758                    /usr/lib/jvm/java-8-openjdk-amd64/jre/lib/ext/nashorn.jar
7efbf4029000-7efbf4033000 r--s 00116000 08:06 8914761                    /usr/lib/jvm/java-8-openjdk-amd64/jre/lib/ext/localedata.jar
7efbf4033000-7efbf4058000 rw-p 00000000 00:00 0 
7efbf4058000-7efbf4189000 ---p 00000000 00:00 0 
7efbf4189000-7efbf41ae000 rw-p 00000000 00:00 0 
7efbf41ae000-7efbf42de000 ---p 00000000 00:00 0 
7efbf42de000-7efbf42eb000 rw-p 00000000 00:00 0 
7efbf42eb000-7efbf4389000 ---p 00000000 00:00 0 
7efbf4389000-7efbf4397000 rw-p 00000000 00:00 0 
7efbf4397000-7efbf474a000 ---p 00000000 00:00 0 
7efbf474a000-7efbf4752000 r-xp 00000000 08:06 8915903                    /usr/lib/jvm/java-8-openjdk-amd64/jre/lib/amd64/libzip.so
7efbf4752000-7efbf4951000 ---p 00008000 08:06 8915903                    /usr/lib/jvm/java-8-openjdk-amd64/jre/lib/amd64/libzip.so
7efbf4951000-7efbf4952000 r--p 00007000 08:06 8915903                    /usr/lib/jvm/java-8-openjdk-amd64/jre/lib/amd64/libzip.so
7efbf4952000-7efbf4953000 rw-p 00008000 08:06 8915903                    /usr/lib/jvm/java-8-openjdk-amd64/jre/lib/amd64/libzip.so
7efbf4953000-7efbf495e000 r-xp 00000000 08:06 8126790                    /lib/x86_64-linux-gnu/libnss_files-2.23.so
7efbf495e000-7efbf4b5d000 ---p 0000b000 08:06 8126790                    /lib/x86_64-linux-gnu/libnss_files-2.23.so
7efbf4b5d000-7efbf4b5e000 r--p 0000a000 08:06 8126790                    /lib/x86_64-linux-gnu/libnss_files-2.23.so
7efbf4b5e000-7efbf4b5f000 rw-p 0000b000 08:06 8126790                    /lib/x86_64-linux-gnu/libnss_files-2.23.so
7efbf4b5f000-7efbf4b65000 rw-p 00000000 00:00 0 
7efbf4b65000-7efbf4b70000 r-xp 00000000 08:06 8126796                    /lib/x86_64-linux-gnu/libnss_nis-2.23.so
7efbf4b70000-7efbf4d6f000 ---p 0000b000 08:06 8126796                    /lib/x86_64-linux-gnu/libnss_nis-2.23.so
7efbf4d6f000-7efbf4d70000 r--p 0000a000 08:06 8126796                    /lib/x86_64-linux-gnu/libnss_nis-2.23.so
7efbf4d70000-7efbf4d71000 rw-p 0000b000 08:06 8126796                    /lib/x86_64-linux-gnu/libnss_nis-2.23.so
7efbf4d71000-7efbf4d87000 r-xp 00000000 08:06 8126782                    /lib/x86_64-linux-gnu/libnsl-2.23.so
7efbf4d87000-7efbf4f86000 ---p 00016000 08:06 8126782                    /lib/x86_64-linux-gnu/libnsl-2.23.so
7efbf4f86000-7efbf4f87000 r--p 00015000 08:06 8126782                    /lib/x86_64-linux-gnu/libnsl-2.23.so
7efbf4f87000-7efbf4f88000 rw-p 00016000 08:06 8126782                    /lib/x86_64-linux-gnu/libnsl-2.23.so
7efbf4f88000-7efbf4f8a000 rw-p 00000000 00:00 0 
7efbf4f8a000-7efbf4f92000 r-xp 00000000 08:06 8126808                    /lib/x86_64-linux-gnu/libnss_compat-2.23.so
7efbf4f92000-7efbf5191000 ---p 00008000 08:06 8126808                    /lib/x86_64-linux-gnu/libnss_compat-2.23.so
7efbf5191000-7efbf5192000 r--p 00007000 08:06 8126808                    /lib/x86_64-linux-gnu/libnss_compat-2.23.so
7efbf5192000-7efbf5193000 rw-p 00008000 08:06 8126808                    /lib/x86_64-linux-gnu/libnss_compat-2.23.so
7efbf5193000-7efbf519d000 r-xp 00000000 08:06 8914785                    /usr/lib/jvm/java-8-openjdk-amd64/jre/lib/amd64/libinstrument.so
7efbf519d000-7efbf539c000 ---p 0000a000 08:06 8914785                    /usr/lib/jvm/java-8-openjdk-amd64/jre/lib/amd64/libinstrument.so
7efbf539c000-7efbf539d000 r--p 00009000 08:06 8914785                    /usr/lib/jvm/java-8-openjdk-amd64/jre/lib/amd64/libinstrument.so
7efbf539d000-7efbf539e000 rw-p 0000a000 08:06 8914785                    /usr/lib/jvm/java-8-openjdk-amd64/jre/lib/amd64/libinstrument.so
7efbf539e000-7efbf53cb000 r-xp 00000000 08:06 8914778                    /usr/lib/jvm/java-8-openjdk-amd64/jre/lib/amd64/libjava.so
7efbf53cb000-7efbf55ca000 ---p 0002d000 08:06 8914778                    /usr/lib/jvm/java-8-openjdk-amd64/jre/lib/amd64/libjava.so
7efbf55ca000-7efbf55cb000 r--p 0002c000 08:06 8914778                    /usr/lib/jvm/java-8-openjdk-amd64/jre/lib/amd64/libjava.so
7efbf55cb000-7efbf55cd000 rw-p 0002d000 08:06 8914778                    /usr/lib/jvm/java-8-openjdk-amd64/jre/lib/amd64/libjava.so
7efbf55cd000-7efbf55dc000 r-xp 00000000 08:06 8914907                    /usr/lib/jvm/java-8-openjdk-amd64/jre/lib/amd64/libverify.so
7efbf55dc000-7efbf57db000 ---p 0000f000 08:06 8914907                    /usr/lib/jvm/java-8-openjdk-amd64/jre/lib/amd64/libverify.so
7efbf57db000-7efbf57dd000 r--p 0000e000 08:06 8914907                    /usr/lib/jvm/java-8-openjdk-amd64/jre/lib/amd64/libverify.so
7efbf57dd000-7efbf57de000 rw-p 00010000 08:06 8914907                    /usr/lib/jvm/java-8-openjdk-amd64/jre/lib/amd64/libverify.so
7efbf57de000-7efbf57e5000 r-xp 00000000 08:06 8126800                    /lib/x86_64-linux-gnu/librt-2.23.so
7efbf57e5000-7efbf59e4000 ---p 00007000 08:06 8126800                    /lib/x86_64-linux-gnu/librt-2.23.so
7efbf59e4000-7efbf59e5000 r--p 00006000 08:06 8126800                    /lib/x86_64-linux-gnu/librt-2.23.so
7efbf59e5000-7efbf59e6000 rw-p 00007000 08:06 8126800                    /lib/x86_64-linux-gnu/librt-2.23.so
7efbf59e6000-7efbf59fc000 r-xp 00000000 08:06 8131077                    /lib/x86_64-linux-gnu/libgcc_s.so.1
7efbf59fc000-7efbf5bfb000 ---p 00016000 08:06 8131077                    /lib/x86_64-linux-gnu/libgcc_s.so.1
7efbf5bfb000-7efbf5bfc000 rw-p 00015000 08:06 8131077                    /lib/x86_64-linux-gnu/libgcc_s.so.1
7efbf5bfc000-7efbf5d04000 r-xp 00000000 08:06 8126818                    /lib/x86_64-linux-gnu/libm-2.23.so
7efbf5d04000-7efbf5f03000 ---p 00108000 08:06 8126818                    /lib/x86_64-linux-gnu/libm-2.23.so
7efbf5f03000-7efbf5f04000 r--p 00107000 08:06 8126818                    /lib/x86_64-linux-gnu/libm-2.23.so
7efbf5f04000-7efbf5f05000 rw-p 00108000 08:06 8126818                    /lib/x86_64-linux-gnu/libm-2.23.so
7efbf5f05000-7efbf6077000 r-xp 00000000 08:06 8653572                    /usr/lib/x86_64-linux-gnu/libstdc++.so.6.0.21
7efbf6077000-7efbf6277000 ---p 00172000 08:06 8653572                    /usr/lib/x86_64-linux-gnu/libstdc++.so.6.0.21
7efbf6277000-7efbf6281000 r--p 00172000 08:06 8653572                    /usr/lib/x86_64-linux-gnu/libstdc++.so.6.0.21
7efbf6281000-7efbf6283000 rw-p 0017c000 08:06 8653572                    /usr/lib/x86_64-linux-gnu/libstdc++.so.6.0.21
7efbf6283000-7efbf6287000 rw-p 00000000 00:00 0 
7efbf6287000-7efbf6ed9000 r-xp 00000000 08:06 8914789                    /usr/lib/jvm/java-8-openjdk-amd64/jre/lib/amd64/server/libjvm.so
7efbf6ed9000-7efbf70d9000 ---p 00c52000 08:06 8914789                    /usr/lib/jvm/java-8-openjdk-amd64/jre/lib/amd64/server/libjvm.so
7efbf70d9000-7efbf716c000 r--p 00c52000 08:06 8914789                    /usr/lib/jvm/java-8-openjdk-amd64/jre/lib/amd64/server/libjvm.so
7efbf716c000-7efbf7195000 rw-p 00ce5000 08:06 8914789                    /usr/lib/jvm/java-8-openjdk-amd64/jre/lib/amd64/server/libjvm.so
7efbf7195000-7efbf71c5000 rw-p 00000000 00:00 0 
7efbf71c5000-7efbf71dd000 r-xp 00000000 08:06 8126794                    /lib/x86_64-linux-gnu/libpthread-2.23.so
7efbf71dd000-7efbf73dc000 ---p 00018000 08:06 8126794                    /lib/x86_64-linux-gnu/libpthread-2.23.so
7efbf73dc000-7efbf73dd000 r--p 00017000 08:06 8126794                    /lib/x86_64-linux-gnu/libpthread-2.23.so
7efbf73dd000-7efbf73de000 rw-p 00018000 08:06 8126794                    /lib/x86_64-linux-gnu/libpthread-2.23.so
7efbf73de000-7efbf73e2000 rw-p 00000000 00:00 0 
7efbf73e2000-7efbf73e5000 r-xp 00000000 08:06 8126806                    /lib/x86_64-linux-gnu/libdl-2.23.so
7efbf73e5000-7efbf75e4000 ---p 00003000 08:06 8126806                    /lib/x86_64-linux-gnu/libdl-2.23.so
7efbf75e4000-7efbf75e5000 r--p 00002000 08:06 8126806                    /lib/x86_64-linux-gnu/libdl-2.23.so
7efbf75e5000-7efbf75e6000 rw-p 00003000 08:06 8126806                    /lib/x86_64-linux-gnu/libdl-2.23.so
7efbf75e6000-7efbf75ff000 r-xp 00000000 08:06 8131143                    /lib/x86_64-linux-gnu/libz.so.1.2.8
7efbf75ff000-7efbf77fe000 ---p 00019000 08:06 8131143                    /lib/x86_64-linux-gnu/libz.so.1.2.8
7efbf77fe000-7efbf77ff000 r--p 00018000 08:06 8131143                    /lib/x86_64-linux-gnu/libz.so.1.2.8
7efbf77ff000-7efbf7800000 rw-p 00019000 08:06 8131143                    /lib/x86_64-linux-gnu/libz.so.1.2.8
7efbf7800000-7efbf79c0000 r-xp 00000000 08:06 8126825                    /lib/x86_64-linux-gnu/libc-2.23.so
7efbf79c0000-7efbf7bc0000 ---p 001c0000 08:06 8126825                    /lib/x86_64-linux-gnu/libc-2.23.so
7efbf7bc0000-7efbf7bc4000 r--p 001c0000 08:06 8126825                    /lib/x86_64-linux-gnu/libc-2.23.so
7efbf7bc4000-7efbf7bc6000 rw-p 001c4000 08:06 8126825                    /lib/x86_64-linux-gnu/libc-2.23.so
7efbf7bc6000-7efbf7bca000 rw-p 00000000 00:00 0 
7efbf7bca000-7efbf7bd7000 r-xp 00000000 08:06 8914792                    /usr/lib/jvm/java-8-openjdk-amd64/jre/lib/amd64/jli/libjli.so
7efbf7bd7000-7efbf7dd7000 ---p 0000d000 08:06 8914792                    /usr/lib/jvm/java-8-openjdk-amd64/jre/lib/amd64/jli/libjli.so
7efbf7dd7000-7efbf7dd8000 r--p 0000d000 08:06 8914792                    /usr/lib/jvm/java-8-openjdk-amd64/jre/lib/amd64/jli/libjli.so
7efbf7dd8000-7efbf7dd9000 rw-p 0000e000 08:06 8914792                    /usr/lib/jvm/java-8-openjdk-amd64/jre/lib/amd64/jli/libjli.so
7efbf7dd9000-7efbf7dff000 r-xp 00000000 08:06 8126784                    /lib/x86_64-linux-gnu/ld-2.23.so
7efbf7dff000-7efbf7e00000 r--s 00004000 08:06 4198099                    /home/iters/.gradle/caches/modules-2/files-2.1/com.intellij/annotations/12.0/bbcf6448f6d40abe506e2c83b70a3e8bfd2b4539/annotations-12.0.jar
7efbf7e00000-7efbf7e01000 r--s 00000000 08:06 8785232                    /usr/lib/jvm/java-8-openjdk-amd64/jre/lib/management-agent.jar
7efbf7e01000-7efbf7e03000 r--s 00008000 08:06 8914760                    /usr/lib/jvm/java-8-openjdk-amd64/jre/lib/ext/sunec.jar
7efbf7e03000-7efbf7e05000 r--s 00001000 08:06 8914764                    /usr/lib/jvm/java-8-openjdk-amd64/jre/lib/ext/dnsns.jar
7efbf7e05000-7efbf7e06000 r--s 0000a000 08:06 8914763                    /usr/lib/jvm/java-8-openjdk-amd64/jre/lib/ext/jaccess.jar
7efbf7e06000-7efbf7e07000 r--s 00010000 08:06 8914757                    /usr/lib/jvm/java-8-openjdk-amd64/jre/lib/ext/zipfs.jar
7efbf7e07000-7efbf7e22000 r--s 00394000 08:06 8914756                    /usr/lib/jvm/java-8-openjdk-amd64/jre/lib/ext/cldrdata.jar
7efbf7e22000-7efbf7ecb000 rw-p 00000000 00:00 0 
7efbf7ecb000-7efbf7ece000 ---p 00000000 00:00 0 
7efbf7ece000-7efbf7fd1000 rw-p 00000000 00:00 0 
7efbf7fd1000-7efbf7fd4000 r--s 0000f000 08:06 8914755                    /usr/lib/jvm/java-8-openjdk-amd64/jre/lib/ext/icedtea-sound.jar
7efbf7fd4000-7efbf7fda000 r--s 0003a000 08:06 8914759                    /usr/lib/jvm/java-8-openjdk-amd64/jre/lib/ext/sunjce_provider.jar
7efbf7fda000-7efbf7fde000 r--s 00037000 08:06 8914762                    /usr/lib/jvm/java-8-openjdk-amd64/jre/lib/ext/sunpkcs11.jar
7efbf7fde000-7efbf7ff2000 rw-p 00000000 00:00 0 
7efbf7ff2000-7efbf7ffa000 rw-s 00000000 08:06 4197817                    /tmp/hsperfdata_iters/6525
7efbf7ffa000-7efbf7ffb000 rw-p 00000000 00:00 0 
7efbf7ffb000-7efbf7ffc000 r--p 00000000 00:00 0 
7efbf7ffc000-7efbf7ffe000 rw-p 00000000 00:00 0 
7efbf7ffe000-7efbf7fff000 r--p 00025000 08:06 8126784                    /lib/x86_64-linux-gnu/ld-2.23.so
7efbf7fff000-7efbf8000000 rw-p 00026000 08:06 8126784                    /lib/x86_64-linux-gnu/ld-2.23.so
7efbf8000000-7efbf8001000 rw-p 00000000 00:00 0 
7ffbfffdc000-7ffbffffe000 rw-p 00000000 00:00 0                          [stack]
7ffc001fc000-7ffc001fe000 r--p 00000000 00:00 0                          [vvar]
7ffc001fe000-7ffc00200000 r-xp 00000000 00:00 0                          [vdso]
ffffffffff600000-ffffffffff601000 r-xp 00000000 00:00 0                  [vsyscall]

VM Arguments:
jvm_args: -Xmx1g -javaagent:/home/iters/programs/idea-IU-171.4424.56/lib/idea_rt.jar=40413:/home/iters/programs/idea-IU-171.4424.56/bin -Dfile.encoding=UTF-8 
java_command: ru.mail.polis.Starter
java_class_path (initial): /usr/lib/jvm/java-8-openjdk-amd64/jre/lib/charsets.jar:/usr/lib/jvm/java-8-openjdk-amd64/jre/lib/ext/cldrdata.jar:/usr/lib/jvm/java-8-openjdk-amd64/jre/lib/ext/dnsns.jar:/usr/lib/jvm/java-8-openjdk-amd64/jre/lib/ext/icedtea-sound.jar:/usr/lib/jvm/java-8-openjdk-amd64/jre/lib/ext/jaccess.jar:/usr/lib/jvm/java-8-openjdk-amd64/jre/lib/ext/localedata.jar:/usr/lib/jvm/java-8-openjdk-amd64/jre/lib/ext/nashorn.jar:/usr/lib/jvm/java-8-openjdk-amd64/jre/lib/ext/sunec.jar:/usr/lib/jvm/java-8-openjdk-amd64/jre/lib/ext/sunjce_provider.jar:/usr/lib/jvm/java-8-openjdk-amd64/jre/lib/ext/sunpkcs11.jar:/usr/lib/jvm/java-8-openjdk-amd64/jre/lib/ext/zipfs.jar:/usr/lib/jvm/java-8-openjdk-amd64/jre/lib/jce.jar:/usr/lib/jvm/java-8-openjdk-amd64/jre/lib/jsse.jar:/usr/lib/jvm/java-8-openjdk-amd64/jre/lib/management-agent.jar:/usr/lib/jvm/java-8-openjdk-amd64/jre/lib/resources.jar:/usr/lib/jvm/java-8-openjdk-amd64/jre/lib/rt.jar:/home/iters/Рабочий стол/high-kv/build/classes/java/main:/home/iters/.gradle/caches/modules-2/files-2.1/ru.odnoklassniki/one-nio/1.0.1/368e239f93c85be262315006e02a4d081157f63a/one-nio-1.0.1.jar:/home/iters/.gradle/caches/modules-2/files-2.1/com.intellij/annotations/12.0/bbcf6448f6d40abe506e2c83b70a3e8bfd2b4539/annotations-12.0.jar:/home/iters/.gradle/caches/modules-2/files-2.1/org.apache.httpcomponents/fluent-hc/4.5.3/76487e3a4fa77b2dd6cb1927ea423e220d7efbab/fluent-hc-4.5.3.jar:/home/iters/.gradle/caches/modules-2/files-2.1/com.google.guava/guava/23.1-jre/23ed5a005f9289062224ddbe0d398e732c5efc36/guava-23.1-jre.jar:/home/iters/.gradle/caches/modules-2/files-2.1/asm/asm/3.3/fb0f302a91a376fd5cfe23167c419375e8fc9b8f/asm-3.3.jar:/home/iters/.gradle/caches/modules-2/files-2.1/org.apache.httpcomponents/httpclient/4.5.3/d1577ae15f01ef5438c5afc62162457c00a34713/httpclient-4.5.3.jar:/home/iters/.gradle/caches/modules-2/files-2.1/commons-logging/commons-logging/1.2/4bfc12adfe4842bf07b657f0369c4cb522955686/commons-logging-1.2.jar:/home/it
Launcher Type: SUN_STANDARD

Environment Variables:
PATH=/home/iters/bin:/home/iters/.local/bin:/usr/local/gradle/bin:/usr/local/sbin:/usr/local/bin:/usr/sbin:/usr/bin:/sbin:/bin:/usr/games:/usr/local/games:/snap/bin
LD_LIBRARY_PATH=/home/iters/programs/idea-IU-171.4424.56/bin:
SHELL=/bin/bash
DISPLAY=:0

Signal Handlers:
SIGSEGV: [libjvm.so+0xa69040], sa_mask[0]=11111111011111111101111111111110, sa_flags=SA_RESTART|SA_SIGINFO
SIGBUS: [libjvm.so+0xa69040], sa_mask[0]=11111111011111111101111111111110, sa_flags=SA_RESTART|SA_SIGINFO
SIGFPE: [libjvm.so+0x8b2170], sa_mask[0]=11111111011111111101111111111110, sa_flags=SA_RESTART|SA_SIGINFO
SIGPIPE: [libjvm.so+0x8b2170], sa_mask[0]=11111111011111111101111111111110, sa_flags=SA_RESTART|SA_SIGINFO
SIGXFSZ: [libjvm.so+0x8b2170], sa_mask[0]=11111111011111111101111111111110, sa_flags=SA_RESTART|SA_SIGINFO
SIGILL: [libjvm.so+0x8b2170], sa_mask[0]=11111111011111111101111111111110, sa_flags=SA_RESTART|SA_SIGINFO
SIGUSR1: SIG_DFL, sa_mask[0]=00000000000000000000000000000000, sa_flags=none
SIGUSR2: [libjvm.so+0x8b2020], sa_mask[0]=00100000000000000000000000000000, sa_flags=SA_RESTART|SA_SIGINFO
SIGHUP: [libjvm.so+0x8b24f0], sa_mask[0]=11111111011111111101111111111110, sa_flags=SA_RESTART|SA_SIGINFO
SIGINT: [libjvm.so+0x8b24f0], sa_mask[0]=11111111011111111101111111111110, sa_flags=SA_RESTART|SA_SIGINFO
SIGTERM: [libjvm.so+0x8b24f0], sa_mask[0]=11111111011111111101111111111110, sa_flags=SA_RESTART|SA_SIGINFO
SIGQUIT: [libjvm.so+0x8b24f0], sa_mask[0]=11111111011111111101111111111110, sa_flags=SA_RESTART|SA_SIGINFO


---------------  S Y S T E M  ---------------

OS:DISTRIB_ID="elementary"
DISTRIB_RELEASE=0.4.1
DISTRIB_CODENAME=loki
DISTRIB_DESCRIPTION="elementary OS 0.4.1 Loki"

uname:Linux 4.4.0-79-generic #100-Ubuntu SMP Wed May 17 19:58:14 UTC 2017 x86_64
libc:glibc 2.23 NPTL 2.23 
rlimit: STACK 8192k, CORE 0k, NPROC 27333, NOFILE 250000, AS infinity
load average:3.55 1.84 1.49

/proc/meminfo:
MemTotal:        7086968 kB
MemFree:          300768 kB
MemAvailable:    1392204 kB
Buffers:          121952 kB
Cached:          1217332 kB
SwapCached:        52076 kB
Active:          4547960 kB
Inactive:        1679700 kB
Active(anon):    3856836 kB
Inactive(anon):  1099468 kB
Active(file):     691124 kB
Inactive(file):   580232 kB
Unevictable:         776 kB
Mlocked:             776 kB
SwapTotal:       7283708 kB
SwapFree:        7142072 kB
Dirty:                20 kB
Writeback:             0 kB
AnonPages:       4838312 kB
Mapped:           527440 kB
Shmem:             67892 kB
Slab:             149944 kB
SReclaimable:      80836 kB
SUnreclaim:        69108 kB
KernelStack:       18144 kB
PageTables:        71292 kB
NFS_Unstable:          0 kB
Bounce:                0 kB
WritebackTmp:          0 kB
CommitLimit:    10827192 kB
Committed_AS:   14121744 kB
VmallocTotal:   34359738367 kB
VmallocUsed:           0 kB
VmallocChunk:          0 kB
HardwareCorrupted:     0 kB
AnonHugePages:   1914880 kB
CmaTotal:              0 kB
CmaFree:               0 kB
HugePages_Total:       0
HugePages_Free:        0
HugePages_Rsvd:        0
HugePages_Surp:        0
Hugepagesize:       2048 kB
DirectMap4k:      572924 kB
DirectMap2M:     6711296 kB
DirectMap1G:           0 kB


CPU:total 4 (initial active 4) (4 cores per cpu, 1 threads per core) family 22 model 48 stepping 1, cmov, cx8, fxsr, mmx, sse, sse2, sse3, ssse3, sse4.1, sse4.2, popcnt, avx, aes, clmul, mmxext, 3dnowpref, lzcnt, sse4a, tsc, tscinvbit, tscinv, bmi1

/proc/cpuinfo:
processor	: 0
vendor_id	: AuthenticAMD
cpu family	: 22
model		: 48
model name	: AMD A8-7410 APU with AMD Radeon R5 Graphics
stepping	: 1
microcode	: 0x7030105
cpu MHz		: 2200.000
cache size	: 2048 KB
physical id	: 0
siblings	: 4
core id		: 0
cpu cores	: 4
apicid		: 0
initial apicid	: 0
fpu		: yes
fpu_exception	: yes
cpuid level	: 13
wp		: yes
flags		: fpu vme de pse tsc msr pae mce cx8 apic sep mtrr pge mca cmov pat pse36 clflush mmx fxsr sse sse2 ht syscall nx mmxext fxsr_opt pdpe1gb rdtscp lm constant_tsc rep_good nopl nonstop_tsc extd_apicid aperfmperf eagerfpu pni pclmulqdq monitor ssse3 cx16 sse4_1 sse4_2 movbe popcnt aes xsave avx f16c rdrand lahf_lm cmp_legacy svm extapic cr8_legacy abm sse4a misalignsse 3dnowprefetch osvw ibs skinit wdt topoext perfctr_nb bpext perfctr_l2 cpb hw_pstate vmmcall bmi1 xsaveopt arat npt lbrv svm_lock nrip_save tsc_scale flushbyasid decodeassists pausefilter pfthreshold
bugs		: fxsave_leak sysret_ss_attrs
bogomips	: 4391.47
TLB size	: 1024 4K pages
clflush size	: 64
cache_alignment	: 64
address sizes	: 40 bits physical, 48 bits virtual
power management: ts ttp tm 100mhzsteps hwpstate cpb [12] [13]

processor	: 1
vendor_id	: AuthenticAMD
cpu family	: 22
model		: 48
model name	: AMD A8-7410 APU with AMD Radeon R5 Graphics
stepping	: 1
microcode	: 0x7030105
cpu MHz		: 2000.000
cache size	: 2048 KB
physical id	: 0
siblings	: 4
core id		: 1
cpu cores	: 4
apicid		: 1
initial apicid	: 1
fpu		: yes
fpu_exception	: yes
cpuid level	: 13
wp		: yes
flags		: fpu vme de pse tsc msr pae mce cx8 apic sep mtrr pge mca cmov pat pse36 clflush mmx fxsr sse sse2 ht syscall nx mmxext fxsr_opt pdpe1gb rdtscp lm constant_tsc rep_good nopl nonstop_tsc extd_apicid aperfmperf eagerfpu pni pclmulqdq monitor ssse3 cx16 sse4_1 sse4_2 movbe popcnt aes xsave avx f16c rdrand lahf_lm cmp_legacy svm extapic cr8_legacy abm sse4a misalignsse 3dnowprefetch osvw ibs skinit wdt topoext perfctr_nb bpext perfctr_l2 cpb hw_pstate vmmcall bmi1 xsaveopt arat npt lbrv svm_lock nrip_save tsc_scale flushbyasid decodeassists pausefilter pfthreshold
bugs		: fxsave_leak sysret_ss_attrs
bogomips	: 4391.47
TLB size	: 1024 4K pages
clflush size	: 64
cache_alignment	: 64
address sizes	: 40 bits physical, 48 bits virtual
power management: ts ttp tm 100mhzsteps hwpstate cpb [12] [13]

processor	: 2
vendor_id	: AuthenticAMD
cpu family	: 22
model		: 48
model name	: AMD A8-7410 APU with AMD Radeon R5 Graphics
stepping	: 1
microcode	: 0x7030105
cpu MHz		: 2200.000
cache size	: 2048 KB
physical id	: 0
siblings	: 4
core id		: 2
cpu cores	: 4
apicid		: 2
initial apicid	: 2
fpu		: yes
fpu_exception	: yes
cpuid level	: 13
wp		: yes
flags		: fpu vme de pse tsc msr pae mce cx8 apic sep mtrr pge mca cmov pat pse36 clflush mmx fxsr sse sse2 ht syscall nx mmxext fxsr_opt pdpe1gb rdtscp lm constant_tsc rep_good nopl nonstop_tsc extd_apicid aperfmperf eagerfpu pni pclmulqdq monitor ssse3 cx16 sse4_1 sse4_2 movbe popcnt aes xsave avx f16c rdrand lahf_lm cmp_legacy svm extapic cr8_legacy abm sse4a misalignsse 3dnowprefetch osvw ibs skinit wdt topoext perfctr_nb bpext perfctr_l2 cpb hw_pstate vmmcall bmi1 xsaveopt arat npt lbrv svm_lock nrip_save tsc_scale flushbyasid decodeassists pausefilter pfthreshold
bugs		: fxsave_leak sysret_ss_attrs
bogomips	: 4391.47
TLB size	: 1024 4K pages
clflush size	: 64
cache_alignment	: 64
address sizes	: 40 bits physical, 48 bits virtual
power management: ts ttp tm 100mhzsteps hwpstate cpb [12] [13]

processor	: 3
vendor_id	: AuthenticAMD
cpu family	: 22
model		: 48
model name	: AMD A8-7410 APU with AMD Radeon R5 Graphics
stepping	: 1
microcode	: 0x7030105
cpu MHz		: 2200.000
cache size	: 2048 KB
physical id	: 0
siblings	: 4
core id		: 3
cpu cores	: 4
apicid		: 3
initial apicid	: 3
fpu		: yes
fpu_exception	: yes
cpuid level	: 13
wp		: yes
flags		: fpu vme de pse tsc msr pae mce cx8 apic sep mtrr pge mca cmov pat pse36 clflush mmx fxsr sse sse2 ht syscall nx mmxext fxsr_opt pdpe1gb rdtscp lm constant_tsc rep_good nopl nonstop_tsc extd_apicid aperfmperf eagerfpu pni pclmulqdq monitor ssse3 cx16 sse4_1 sse4_2 movbe popcnt aes xsave avx f16c rdrand lahf_lm cmp_legacy svm extapic cr8_legacy abm sse4a misalignsse 3dnowprefetch osvw ibs skinit wdt topoext perfctr_nb bpext perfctr_l2 cpb hw_pstate vmmcall bmi1 xsaveopt arat npt lbrv svm_lock nrip_save tsc_scale flushbyasid decodeassists pausefilter pfthreshold
bugs		: fxsave_leak sysret_ss_attrs
bogomips	: 4391.47
TLB size	: 1024 4K pages
clflush size	: 64
cache_alignment	: 64
address sizes	: 40 bits physical, 48 bits virtual
power management: ts ttp tm 100mhzsteps hwpstate cpb [12] [13]



Memory: 4k page, physical 7086968k(300768k free), swap 7283708k(7142072k free)

vm_info: OpenJDK 64-Bit Server VM (25.151-b12) for linux-amd64 JRE (1.8.0_151-8u151-b12-0ubuntu0.16.04.2-b12), built on Oct 27 2017 21:59:02 by "buildd" with gcc 5.4.0 20160609

time: Sun Jan  7 15:14:51 2018
elapsed time: 1100 seconds (0d 0h 18m 20s)

